2022/05/04 00:42:36 logging.go:49: Session started at 2022-05-04 00-42-36
2022/05/04 00:42:36 main_page.go:40: Creating new main page...
2022/05/04 00:42:36 main_page.go:92: Using logged main page.
2022/05/04 00:42:36 service.go:27: Initialised starting screen.
2022/05/04 00:42:36 service.go:31: Running app...
2022/05/04 00:42:36 main_page.go:99: Setting logged grid...
2022/05/04 00:42:36 main_page.go:115: Setting logged table...
2022/05/04 00:42:37 main_page.go:110: Finished setting logged grid.
2022/05/04 00:42:49 search_page.go:105: Setting new search results...
2022/05/04 00:42:49 main_page.go:227: Setting guest table...
2022/05/04 00:42:49 main_page.go:367: Settings guest table for search: "berserk"
2022/05/04 00:42:49 main_page.go:330: Finished setting guest table.
2022/05/04 00:42:55 page_inputs.go:169: Selected row 13 on main page.
2022/05/04 00:42:55 manga_page.go:161: Setting up manga page chapter table...
2022/05/04 00:42:55 manga_page.go:295: Got 0 of 391 chapters
2022/05/04 00:43:07 manga_page_utils.go:318: Checking manga follow status...
2022/05/04 00:43:07 manga_page_utils.go:341: Manga was not followed.
2022/05/04 00:43:09 manga_page_utils.go:358: Successfully toggled following of manga.
2022/05/04 00:43:09 modals.go:47: Removing toggle_follow_manga_modal modal
2022/05/04 00:43:40 page_inputs.go:193: Creating and showing confirm download modal...
2022/05/04 00:43:43 modals.go:47: Removing download_chapters_modal modal
2022/05/04 00:43:44 page_inputs.go:193: Creating and showing confirm download modal...
2022/05/04 00:43:45 modals.go:47: Removing download_chapters_modal modal
2022/05/04 00:44:07 manga_page_utils.go:45: Error saving Berserk - Chapter: 100, Queen - open downloads/Berserk/Chapter 100 [en-data] Queen - 17ec87ba/0021.jpg: no such file or directory
